<?xml version="1.0" encoding="UTF-8"?>
<!-- Generated by org.testng.reporters.JUnitReportReporter -->
<testsuite hostname="DESKTOP-IA5UDRI" failures="0" tests="1" name="adnabupackage.AdNabuTestStore" time="28.814" errors="0" timestamp="2024-01-29T10:30:54 IST" skipped="0">
  <testcase classname="adnabupackage.AdNabuTestStore" name="f" time="28.814"/>
</testsuite> <!-- adnabupackage.AdNabuTestStore -->
