<?xml version="1.0" encoding="UTF-8"?>
<!-- Generated by org.testng.reporters.JUnitReportReporter -->
<testsuite hostname="DESKTOP-IA5UDRI" failures="0" tests="1" name="adnabupackage.NewTest" time="18.553" errors="0" timestamp="2024-01-26T21:17:38 IST" skipped="0">
  <testcase classname="adnabupackage.NewTest" name="f" time="18.553"/>
</testsuite> <!-- adnabupackage.NewTest -->
